[
  {
    "Plan": {
      "Node Type": "Limit",
      "Parallel Aware": false,
      "Async Capable": false,
      "Startup Cost": 0.85,
      "Total Cost": 1234.73,
      "Plan Rows": 30,
      "Plan Width": 742,
      "Actual Startup Time": 0.078,
      "Actual Total Time": 0.851,
      "Actual Rows": 30,
      "Actual Loops": 1,
      "Output": ["cp.uri", "cp.actor_did", "cp.created_at", "cp.indexed_at", "cp.is_hidden", "cp.deleted_at", "cp.raw", "cp.hashtags", "cp.has_media", "cp.self_labels", "cp.has_video"],
      "Shared Hit Blocks": 141,
      "Shared Read Blocks": 0,
      "Shared Dirtied Blocks": 0,
      "Shared Written Blocks": 0,
      "Local Hit Blocks": 0,
      "Local Read Blocks": 0,
      "Local Dirtied Blocks": 0,
      "Local Written Blocks": 0,
      "Temp Read Blocks": 0,
      "Temp Written Blocks": 0,
      "Plans": [
        {
          "Node Type": "Nested Loop",
          "Parent Relationship": "Outer",
          "Parallel Aware": false,
          "Async Capable": false,
          "Join Type": "Inner",
          "Startup Cost": 0.85,
          "Total Cost": 381599.77,
          "Plan Rows": 9278,
          "Plan Width": 742,
          "Actual Startup Time": 0.077,
          "Actual Total Time": 0.846,
          "Actual Rows": 30,
          "Actual Loops": 1,
          "Output": ["cp.uri", "cp.actor_did", "cp.created_at", "cp.indexed_at", "cp.is_hidden", "cp.deleted_at", "cp.raw", "cp.hashtags", "cp.has_media", "cp.self_labels", "cp.has_video"],
          "Inner Unique": true,
          "Shared Hit Blocks": 141,
          "Shared Read Blocks": 0,
          "Shared Dirtied Blocks": 0,
          "Shared Written Blocks": 0,
          "Local Hit Blocks": 0,
          "Local Read Blocks": 0,
          "Local Dirtied Blocks": 0,
          "Local Written Blocks": 0,
          "Temp Read Blocks": 0,
          "Temp Written Blocks": 0,
          "Plans": [
            {
              "Node Type": "Index Scan",
              "Parent Relationship": "Outer",
              "Parallel Aware": false,
              "Async Capable": false,
              "Scan Direction": "Backward",
              "Index Name": "candidate_posts_indexed_at_idx",
              "Relation Name": "candidate_posts",
              "Schema": "public",
              "Alias": "cp",
              "Startup Cost": 0.43,
              "Total Cost": 371449.79,
              "Plan Rows": 10708,
              "Plan Width": 742,
              "Actual Startup Time": 0.028,
              "Actual Total Time": 0.136,
              "Actual Rows": 30,
              "Actual Loops": 1,
              "Output": ["cp.uri", "cp.actor_did", "cp.created_at", "cp.indexed_at", "cp.is_hidden", "cp.deleted_at", "cp.raw", "cp.hashtags", "cp.has_media", "cp.self_labels", "cp.has_video"],
              "Index Cond": "((cp.indexed_at < '2024-11-22 11:28:49.918725+00'::timestamp with time zone) AND (cp.indexed_at > (now() - '7 days'::interval)) AND (cp.is_hidden = false))",
              "Rows Removed by Index Recheck": 0,
              "Filter": "((cp.deleted_at IS NULL) AND (cp.created_at > (now() - '7 days'::interval)))",
              "Rows Removed by Filter": 1,
              "Shared Hit Blocks": 21,
              "Shared Read Blocks": 0,
              "Shared Dirtied Blocks": 0,
              "Shared Written Blocks": 0,
              "Local Hit Blocks": 0,
              "Local Read Blocks": 0,
              "Local Dirtied Blocks": 0,
              "Local Written Blocks": 0,
              "Temp Read Blocks": 0,
              "Temp Written Blocks": 0
            },
            {
              "Node Type": "Index Scan",
              "Parent Relationship": "Inner",
              "Parallel Aware": false,
              "Async Capable": false,
              "Scan Direction": "Forward",
              "Index Name": "candidate_repositories_pkey",
              "Relation Name": "candidate_actors",
              "Schema": "public",
              "Alias": "ca",
              "Startup Cost": 0.41,
              "Total Cost": 0.95,
              "Plan Rows": 1,
              "Plan Width": 33,
              "Actual Startup Time": 0.023,
              "Actual Total Time": 0.023,
              "Actual Rows": 1,
              "Actual Loops": 30,
              "Output": ["ca.did", "ca.created_at", "ca.is_artist", "ca.comment", "ca.status", "ca.roles", "ca.current_profile_commit_cid", "ca.held_until"],
              "Index Cond": "(ca.did = cp.actor_did)",
              "Rows Removed by Index Recheck": 0,
              "Filter": "(ca.status = 'approved'::actor_status)",
              "Rows Removed by Filter": 0,
              "Shared Hit Blocks": 120,
              "Shared Read Blocks": 0,
              "Shared Dirtied Blocks": 0,
              "Shared Written Blocks": 0,
              "Local Hit Blocks": 0,
              "Local Read Blocks": 0,
              "Local Dirtied Blocks": 0,
              "Local Written Blocks": 0,
              "Temp Read Blocks": 0,
              "Temp Written Blocks": 0
            }
          ]
        }
      ]
    },
    "Planning": {
      "Shared Hit Blocks": 406,
      "Shared Read Blocks": 0,
      "Shared Dirtied Blocks": 0,
      "Shared Written Blocks": 0,
      "Local Hit Blocks": 0,
      "Local Read Blocks": 0,
      "Local Dirtied Blocks": 0,
      "Local Written Blocks": 0,
      "Temp Read Blocks": 0,
      "Temp Written Blocks": 0
    },
    "Planning Time": 1.659,
    "Triggers": [
    ],
    "Execution Time": 0.899
  }
]